<?xml version="1.0" encoding="UTF-8"?>
<Site BuildName="(empty)"
	BuildStamp="20250712-1707-Experimental"
	Name="ishaan-ROG-Strix-SCAR-16-G634JZR-G634JZR"
	Generator="ctest-3.22.1"
	CompilerName="/usr/bin/c++"
	CompilerVersion="11.4.0"
	OSName="Linux"
	Hostname="ishaan-ROG-Strix-SCAR-16-G634JZR-G634JZR"
	OSRelease="6.8.0-60-generic"
	OSVersion="#63~22.04.1-Ubuntu SMP PREEMPT_DYNAMIC Tue Apr 22 19:00:15 UTC 2"
	OSPlatform="x86_64"
	Is64Bits="1"
	VendorString="GenuineIntel"
	VendorID="Intel Corporation"
	FamilyID="6"
	ModelID="183"
	ProcessorCacheSize="36864"
	NumberOfLogicalCPU="32"
	NumberOfPhysicalCPU="24"
	TotalVirtualMemory="29401"
	TotalPhysicalMemory="31708"
	LogicalProcessorsPerPhysical="1"
	ProcessorClockFrequency="3506.09"
	>
	<Testing>
		<StartDateTime>Jul 12 23:03 IST</StartDateTime>
		<StartTestTime>1752341585</StartTestTime>
		<TestList/>
		<EndDateTime>Jul 12 23:03 IST</EndDateTime>
		<EndTestTime>1752341585</EndTestTime>
		<ElapsedMinutes>0</ElapsedMinutes>
	</Testing>
</Site>
